<?xml version="1.0" encoding="UTF-8"?>
<testsuite name="com.ideyatech.opentides.um.entity.BaseUserTest" time="0.026" tests="121" errors="0" skipped="0" failures="2">
  <properties>
    <property name="java.runtime.name" value="OpenJDK Runtime Environment"/>
    <property name="sun.boot.library.path" value="/usr/lib/jvm/java-8-openjdk-amd64/jre/lib/amd64"/>
    <property name="java.vm.version" value="25.222-b10"/>
    <property name="java.vm.vendor" value="Private Build"/>
    <property name="maven.multiModuleProjectDirectory" value="/home/vijay/Desktop/OP/elearninglatest10-12-19/archy-lms"/>
    <property name="java.vendor.url" value="http://java.oracle.com/"/>
    <property name="path.separator" value=":"/>
    <property name="guice.disable.misplaced.annotation.check" value="true"/>
    <property name="java.vm.name" value="OpenJDK 64-Bit Server VM"/>
    <property name="file.encoding.pkg" value="sun.io"/>
    <property name="user.country" value="IN"/>
    <property name="sun.java.launcher" value="SUN_STANDARD"/>
    <property name="sun.os.patch.level" value="unknown"/>
    <property name="java.vm.specification.name" value="Java Virtual Machine Specification"/>
    <property name="user.dir" value="/home/vijay/Desktop/OP/elearninglatest10-12-19/archy-lms"/>
    <property name="java.runtime.version" value="1.8.0_222-8u222-b10-1ubuntu1~18.04.1-b10"/>
    <property name="java.awt.graphicsenv" value="sun.awt.X11GraphicsEnvironment"/>
    <property name="java.endorsed.dirs" value="/usr/lib/jvm/java-8-openjdk-amd64/jre/lib/endorsed"/>
    <property name="os.arch" value="amd64"/>
    <property name="java.io.tmpdir" value="/tmp"/>
    <property name="line.separator" value="&#10;"/>
    <property name="java.vm.specification.vendor" value="Oracle Corporation"/>
    <property name="os.name" value="Linux"/>
    <property name="classworlds.conf" value="/home/vijay/Desktop/OP/elearninglatest10-12-19/.metadata/.plugins/org.eclipse.m2e.launching/launches/m2conf4281216193322210245.tmp"/>
    <property name="sun.jnu.encoding" value="UTF-8"/>
    <property name="java.library.path" value="/usr/java/packages/lib/amd64:/usr/lib/x86_64-linux-gnu/jni:/lib/x86_64-linux-gnu:/usr/lib/x86_64-linux-gnu:/usr/lib/jni:/lib:/usr/lib"/>
    <property name="java.specification.name" value="Java Platform API Specification"/>
    <property name="java.class.version" value="52.0"/>
    <property name="sun.management.compiler" value="HotSpot 64-Bit Tiered Compilers"/>
    <property name="os.version" value="5.0.0-37-generic"/>
    <property name="user.home" value="/home/vijay"/>
    <property name="user.timezone" value="Asia/Kolkata"/>
    <property name="java.awt.printerjob" value="sun.print.PSPrinterJob"/>
    <property name="file.encoding" value="UTF-8"/>
    <property name="java.specification.version" value="1.8"/>
    <property name="user.name" value="vijay"/>
    <property name="java.class.path" value="/home/vijay/eclipse/eclipse/plugins/org.eclipse.m2e.maven.runtime_1.13.0.20190716-1623/jars/plexus-classworlds-2.6.0.jar"/>
    <property name="java.vm.specification.version" value="1.8"/>
    <property name="sun.arch.data.model" value="64"/>
    <property name="java.home" value="/usr/lib/jvm/java-8-openjdk-amd64/jre"/>
    <property name="sun.java.command" value="org.codehaus.plexus.classworlds.launcher.Launcher -B install"/>
    <property name="java.specification.vendor" value="Oracle Corporation"/>
    <property name="user.language" value="en"/>
    <property name="awt.toolkit" value="sun.awt.X11.XToolkit"/>
    <property name="java.vm.info" value="mixed mode"/>
    <property name="java.version" value="1.8.0_222"/>
    <property name="java.ext.dirs" value="/usr/lib/jvm/java-8-openjdk-amd64/jre/lib/ext:/usr/java/packages/lib/ext"/>
    <property name="securerandom.source" value="file:/dev/./urandom"/>
    <property name="sun.boot.class.path" value="/usr/lib/jvm/java-8-openjdk-amd64/jre/lib/resources.jar:/usr/lib/jvm/java-8-openjdk-amd64/jre/lib/rt.jar:/usr/lib/jvm/java-8-openjdk-amd64/jre/lib/sunrsasign.jar:/usr/lib/jvm/java-8-openjdk-amd64/jre/lib/jsse.jar:/usr/lib/jvm/java-8-openjdk-amd64/jre/lib/jce.jar:/usr/lib/jvm/java-8-openjdk-amd64/jre/lib/charsets.jar:/usr/lib/jvm/java-8-openjdk-amd64/jre/lib/jfr.jar:/usr/lib/jvm/java-8-openjdk-amd64/jre/classes"/>
    <property name="java.vendor" value="Private Build"/>
    <property name="maven.home" value="/home/vijay/Desktop/OP/elearninglatest10-12-19/archy-lms/EMBEDDED"/>
    <property name="file.separator" value="/"/>
    <property name="java.vendor.url.bug" value="http://bugreport.sun.com/bugreport/"/>
    <property name="sun.cpu.endian" value="little"/>
    <property name="sun.io.unicode.encoding" value="UnicodeLittle"/>
    <property name="sun.desktop" value="gnome"/>
    <property name="sun.cpu.isalist" value=""/>
  </properties>
  <testcase name="testRemoveCustomValue" classname="com.ideyatech.opentides.um.entity.BaseUserTest" time="0.002"/>
  <testcase name="testSetNewResetPasswordKey" classname="com.ideyatech.opentides.um.entity.BaseUserTest" time="0.001"/>
  <testcase name="testSetNewContactNumber" classname="com.ideyatech.opentides.um.entity.BaseUserTest" time="0"/>
  <testcase name="testSetNewUserGroupName" classname="com.ideyatech.opentides.um.entity.BaseUserTest" time="0"/>
  <testcase name="testGetDepartment" classname="com.ideyatech.opentides.um.entity.BaseUserTest" time="0"/>
  <testcase name="testGetUsernameNull" classname="com.ideyatech.opentides.um.entity.BaseUserTest" time="0.001"/>
  <testcase name="testRemoveCustomValueCustomValuesMapIsNull" classname="com.ideyatech.opentides.um.entity.BaseUserTest" time="0"/>
  <testcase name="testCloneUserProfile" classname="com.ideyatech.opentides.um.entity.BaseUserTest" time="0"/>
  <testcase name="testGetContactNumber" classname="com.ideyatech.opentides.um.entity.BaseUserTest" time="0.001"/>
  <testcase name="testGetUserGroupName" classname="com.ideyatech.opentides.um.entity.BaseUserTest" time="0"/>
  <testcase name="testSetNewLastFailedLoginMillis" classname="com.ideyatech.opentides.um.entity.BaseUserTest" time="0"/>
  <testcase name="testGetJoinClause" classname="com.ideyatech.opentides.um.entity.BaseUserTest" time="0"/>
  <testcase name="testGetAuths" classname="com.ideyatech.opentides.um.entity.BaseUserTest" time="0"/>
  <testcase name="testGetTitle" classname="com.ideyatech.opentides.um.entity.BaseUserTest" time="0"/>
  <testcase name="testHashCodeEmailNotNull" classname="com.ideyatech.opentides.um.entity.BaseUserTest" time="0"/>
  <testcase name="testSetNewTitle" classname="com.ideyatech.opentides.um.entity.BaseUserTest" time="0"/>
  <testcase name="testGetFullName" classname="com.ideyatech.opentides.um.entity.BaseUserTest" time="0"/>
  <testcase name="testGetSubject" classname="com.ideyatech.opentides.um.entity.BaseUserTest" time="0"/>
  <testcase name="testRemoveGroupByNameWhenNameIsEmpty" classname="com.ideyatech.opentides.um.entity.BaseUserTest" time="0"/>
  <testcase name="testSetNewFirstName" classname="com.ideyatech.opentides.um.entity.BaseUserTest" time="0"/>
  <testcase name="testSetNewFacebookUserId" classname="com.ideyatech.opentides.um.entity.BaseUserTest" time="0"/>
  <testcase name="testGetFullNameEmpty" classname="com.ideyatech.opentides.um.entity.BaseUserTest" time="0"/>
  <testcase name="testGetAdditionalQueryClauseUserGroupNameIsEmpty" classname="com.ideyatech.opentides.um.entity.BaseUserTest" time="0"/>
  <testcase name="testGetFailedLoginCount" classname="com.ideyatech.opentides.um.entity.BaseUserTest" time="0"/>
  <testcase name="testGetLastLogin" classname="com.ideyatech.opentides.um.entity.BaseUserTest" time="0.001"/>
  <testcase name="testEqualNotInstanceOfBaseUser" classname="com.ideyatech.opentides.um.entity.BaseUserTest" time="0"/>
  <testcase name="testGetAuthorities" classname="com.ideyatech.opentides.um.entity.BaseUserTest" time="0.001"/>
  <testcase name="testAddCustomValueKeyExist" classname="com.ideyatech.opentides.um.entity.BaseUserTest" time="0"/>
  <testcase name="testGetWorkContact" classname="com.ideyatech.opentides.um.entity.BaseUserTest" time="0.001"/>
  <testcase name="testGetAdditionalFieldsValues" classname="com.ideyatech.opentides.um.entity.BaseUserTest" time="0"/>
  <testcase name="testToString" classname="com.ideyatech.opentides.um.entity.BaseUserTest" time="0"/>
  <testcase name="testRemoveGroupWhenGroupIsNull" classname="com.ideyatech.opentides.um.entity.BaseUserTest" time="0"/>
  <testcase name="testResetFailedLoginCount" classname="com.ideyatech.opentides.um.entity.BaseUserTest" time="0"/>
  <testcase name="testRemoveGroup" classname="com.ideyatech.opentides.um.entity.BaseUserTest" time="0.001"/>
  <testcase name="testGetAboutMe" classname="com.ideyatech.opentides.um.entity.BaseUserTest" time="0"/>
  <testcase name="testGetAddress" classname="com.ideyatech.opentides.um.entity.BaseUserTest" time="0"/>
  <testcase name="testSetNewLastLoginIP" classname="com.ideyatech.opentides.um.entity.BaseUserTest" time="0.001"/>
  <testcase name="testAddGroup" classname="com.ideyatech.opentides.um.entity.BaseUserTest" time="0"/>
  <testcase name="testIncrementFailedLoginCount" classname="com.ideyatech.opentides.um.entity.BaseUserTest" time="0"/>
  <testcase name="testEqualSameObject" classname="com.ideyatech.opentides.um.entity.BaseUserTest" time="0"/>
  <testcase name="testRemoveGroupWhenGroupsIsNull" classname="com.ideyatech.opentides.um.entity.BaseUserTest" time="0"/>
  <testcase name="testRemoveGroupByNameWhenGroupsIsNull" classname="com.ideyatech.opentides.um.entity.BaseUserTest" time="0"/>
  <testcase name="testGetJoinClauseUserGroupNameIsEmpty" classname="com.ideyatech.opentides.um.entity.BaseUserTest" time="0"/>
  <testcase name="testRemoveGroupByNameWhenNameIsNull" classname="com.ideyatech.opentides.um.entity.BaseUserTest" time="0"/>
  <testcase name="testGetActivationVerificationKey" classname="com.ideyatech.opentides.um.entity.BaseUserTest" time="0"/>
  <testcase name="testGetAdditionalQueryClause" classname="com.ideyatech.opentides.um.entity.BaseUserTest" time="0"/>
  <testcase name="testSetNewCompany" classname="com.ideyatech.opentides.um.entity.BaseUserTest" time="0"/>
  <testcase name="testSetNewCountry" classname="com.ideyatech.opentides.um.entity.BaseUserTest" time="0"/>
  <testcase name="testGetResetPasswordKey" classname="com.ideyatech.opentides.um.entity.BaseUserTest" time="0.001"/>
  <testcase name="testEqualSameValues" classname="com.ideyatech.opentides.um.entity.BaseUserTest" time="0"/>
  <testcase name="testGetMobilePhoneNumber" classname="com.ideyatech.opentides.um.entity.BaseUserTest" time="0"/>
  <testcase name="testGetArchived" classname="com.ideyatech.opentides.um.entity.BaseUserTest" time="0.001"/>
  <testcase name="testAddCustomValueWhenCustomValueMapIsNull" classname="com.ideyatech.opentides.um.entity.BaseUserTest" time="0"/>
  <testcase name="testGetJobTitle" classname="com.ideyatech.opentides.um.entity.BaseUserTest" time="0"/>
  <testcase name="testGetLanguage" classname="com.ideyatech.opentides.um.entity.BaseUserTest" time="0"/>
  <testcase name="testGetBirthDate" classname="com.ideyatech.opentides.um.entity.BaseUserTest" time="0"/>
  <testcase name="testGetCustomValuesMap" classname="com.ideyatech.opentides.um.entity.BaseUserTest" time="0"/>
  <testcase name="testGetLastFailedLoginMillis" classname="com.ideyatech.opentides.um.entity.BaseUserTest" time="0"/>
  <testcase name="testGetLastName" classname="com.ideyatech.opentides.um.entity.BaseUserTest" time="0"/>
  <testcase name="testGetDisplayGroups" classname="com.ideyatech.opentides.um.entity.BaseUserTest" time="0"/>
  <testcase name="testGetTotalLoginCount" classname="com.ideyatech.opentides.um.entity.BaseUserTest" time="0"/>
  <testcase name="testRemoveGroupByName" classname="com.ideyatech.opentides.um.entity.BaseUserTest" time="0"/>
  <testcase name="testGetFacebookUserId" classname="com.ideyatech.opentides.um.entity.BaseUserTest" time="0"/>
  <testcase name="testSetNewArchived" classname="com.ideyatech.opentides.um.entity.BaseUserTest" time="0.001"/>
  <testcase name="testSetNewJobTitle" classname="com.ideyatech.opentides.um.entity.BaseUserTest" time="0"/>
  <testcase name="testSetNewLanguage" classname="com.ideyatech.opentides.um.entity.BaseUserTest" time="0"/>
  <testcase name="testSetNewPrevLoginIP" classname="com.ideyatech.opentides.um.entity.BaseUserTest" time="0"/>
  <testcase name="testSetNewMobilePhoneNumber" classname="com.ideyatech.opentides.um.entity.BaseUserTest" time="0"/>
  <testcase name="testSetNewCustomValuesMap" classname="com.ideyatech.opentides.um.entity.BaseUserTest" time="0.001"/>
  <testcase name="testSetNewMiddleName" classname="com.ideyatech.opentides.um.entity.BaseUserTest" time="0"/>
  <testcase name="testGetLastLoginIP" classname="com.ideyatech.opentides.um.entity.BaseUserTest" time="0"/>
  <testcase name="testSetNewLastLogin" classname="com.ideyatech.opentides.um.entity.BaseUserTest" time="0"/>
  <testcase name="testSetNewEmailAddress" classname="com.ideyatech.opentides.um.entity.BaseUserTest" time="0"/>
  <testcase name="testGetEmailAddress" classname="com.ideyatech.opentides.um.entity.BaseUserTest" time="0"/>
  <testcase name="testSetNewLastFailedIP" classname="com.ideyatech.opentides.um.entity.BaseUserTest" time="0"/>
  <testcase name="testGetLastFailedIP" classname="com.ideyatech.opentides.um.entity.BaseUserTest" time="0"/>
  <testcase name="testSetNewLastName" classname="com.ideyatech.opentides.um.entity.BaseUserTest" time="0"/>
  <testcase name="testSetNewCredential" classname="com.ideyatech.opentides.um.entity.BaseUserTest" time="0"/>
  <testcase name="testSetNewTotalLoginCount" classname="com.ideyatech.opentides.um.entity.BaseUserTest" time="0"/>
  <testcase name="testGetAdditionalProperties" classname="com.ideyatech.opentides.um.entity.BaseUserTest" time="0"/>
  <testcase name="testGetCompleteNameAllEmpty" classname="com.ideyatech.opentides.um.entity.BaseUserTest" time="0"/>
  <testcase name="testGetMiddleName" classname="com.ideyatech.opentides.um.entity.BaseUserTest" time="0"/>
  <testcase name="testSetNewTacAcceptedTs" classname="com.ideyatech.opentides.um.entity.BaseUserTest" time="0"/>
  <testcase name="testGetGrantedAuthorities" classname="com.ideyatech.opentides.um.entity.BaseUserTest" time="0"/>
  <testcase name="testGetCredential" classname="com.ideyatech.opentides.um.entity.BaseUserTest" time="0"/>
  <testcase name="testGetCompleteName" classname="com.ideyatech.opentides.um.entity.BaseUserTest" time="0"/>
  <testcase name="testGetTacAcceptedTs" classname="com.ideyatech.opentides.um.entity.BaseUserTest" time="0"/>
  <testcase name="testSetNewActivationVerificationKey" classname="com.ideyatech.opentides.um.entity.BaseUserTest" time="0"/>
  <testcase name="testGetGender" classname="com.ideyatech.opentides.um.entity.BaseUserTest" time="0"/>
  <testcase name="testGetGroups" classname="com.ideyatech.opentides.um.entity.BaseUserTest" time="0"/>
  <testcase name="testGetUsername" classname="com.ideyatech.opentides.um.entity.BaseUserTest" time="0"/>
  <testcase name="testGetFirstName" classname="com.ideyatech.opentides.um.entity.BaseUserTest" time="0"/>
  <testcase name="testSetNewUserGroupIds" classname="com.ideyatech.opentides.um.entity.BaseUserTest" time="0.004">
    <failure message="Gets new UserGroupIds: expected:&lt;[SET_B]&gt; but was:&lt;[null, null]&gt;" type="java.lang.AssertionError"><![CDATA[java.lang.AssertionError: Gets new UserGroupIds: expected:<[SET_B]> but was:<[null, null]>
	at org.junit.Assert.fail(Assert.java:88)
	at org.junit.Assert.failNotEquals(Assert.java:834)
	at org.junit.Assert.assertEquals(Assert.java:118)
	at com.ideyatech.opentides.um.entity.BaseUserTest.testSetNewUserGroupIds(BaseUserTest.java:381)
]]></failure>
  </testcase>
  <testcase name="testGetUserGroupIds" classname="com.ideyatech.opentides.um.entity.BaseUserTest" time="0">
    <failure message="Gets UserGroupIds: expected:&lt;[SET_A]&gt; but was:&lt;[null, null]&gt;" type="java.lang.AssertionError"><![CDATA[java.lang.AssertionError: Gets UserGroupIds: expected:<[SET_A]> but was:<[null, null]>
	at org.junit.Assert.fail(Assert.java:88)
	at org.junit.Assert.failNotEquals(Assert.java:834)
	at org.junit.Assert.assertEquals(Assert.java:118)
	at com.ideyatech.opentides.um.entity.BaseUserTest.testGetUserGroupIds(BaseUserTest.java:373)
]]></failure>
  </testcase>
  <testcase name="testGetCompany" classname="com.ideyatech.opentides.um.entity.BaseUserTest" time="0"/>
  <testcase name="testGetCountry" classname="com.ideyatech.opentides.um.entity.BaseUserTest" time="0"/>
  <testcase name="testSearchableFields" classname="com.ideyatech.opentides.um.entity.BaseUserTest" time="0"/>
  <testcase name="testSetNewFailedLoginCount" classname="com.ideyatech.opentides.um.entity.BaseUserTest" time="0"/>
  <testcase name="testGetOffice" classname="com.ideyatech.opentides.um.entity.BaseUserTest" time="0"/>
  <testcase name="testGetPrevLoginIP" classname="com.ideyatech.opentides.um.entity.BaseUserTest" time="0"/>
  <testcase name="testIncrementFailedLoginCountNull" classname="com.ideyatech.opentides.um.entity.BaseUserTest" time="0"/>
  <testcase name="testSetNewBirthDate" classname="com.ideyatech.opentides.um.entity.BaseUserTest" time="0"/>
  <testcase name="testHasPermissionGroupsIsNull" classname="com.ideyatech.opentides.um.entity.BaseUserTest" time="0"/>
  <testcase name="testGetTenant" classname="com.ideyatech.opentides.um.entity.BaseUserTest" time="0"/>
  <testcase name="testEqualNull" classname="com.ideyatech.opentides.um.entity.BaseUserTest" time="0"/>
  <testcase name="testSetNewGender" classname="com.ideyatech.opentides.um.entity.BaseUserTest" time="0"/>
  <testcase name="testSetNewGroups" classname="com.ideyatech.opentides.um.entity.BaseUserTest" time="0"/>
  <testcase name="testSetNewAboutMe" classname="com.ideyatech.opentides.um.entity.BaseUserTest" time="0"/>
  <testcase name="testSetNewAddress" classname="com.ideyatech.opentides.um.entity.BaseUserTest" time="0"/>
  <testcase name="testSetNewAdditionalFieldsValues" classname="com.ideyatech.opentides.um.entity.BaseUserTest" time="0"/>
  <testcase name="testSetNewOffice" classname="com.ideyatech.opentides.um.entity.BaseUserTest" time="0.001"/>
  <testcase name="testAddCustomValue" classname="com.ideyatech.opentides.um.entity.BaseUserTest" time="0"/>
  <testcase name="testHasNoPermission" classname="com.ideyatech.opentides.um.entity.BaseUserTest" time="0"/>
  <testcase name="testAddGroupWhenGroupsAndGroupAreNull" classname="com.ideyatech.opentides.um.entity.BaseUserTest" time="0.007"/>
  <testcase name="testSetNewTenant" classname="com.ideyatech.opentides.um.entity.BaseUserTest" time="0"/>
  <testcase name="testSetNewDepartment" classname="com.ideyatech.opentides.um.entity.BaseUserTest" time="0"/>
  <testcase name="testSetNewPasswordRule" classname="com.ideyatech.opentides.um.entity.BaseUserTest" time="0"/>
  <testcase name="testGetPasswordRule" classname="com.ideyatech.opentides.um.entity.BaseUserTest" time="0"/>
  <testcase name="testAddCustomValueKeyDoesNotExist" classname="com.ideyatech.opentides.um.entity.BaseUserTest" time="0"/>
  <testcase name="testHasPermission" classname="com.ideyatech.opentides.um.entity.BaseUserTest" time="0"/>
  <testcase name="testSetNewWorkContact" classname="com.ideyatech.opentides.um.entity.BaseUserTest" time="0"/>
</testsuite>