<?xml version="1.0" encoding="UTF-8"?>
<testsuite name="com.ideyatech.opentides.um.entity.ApplicationTest" time="0" tests="39" errors="0" skipped="0" failures="0">
  <properties>
    <property name="java.runtime.name" value="OpenJDK Runtime Environment"/>
    <property name="sun.boot.library.path" value="/usr/lib/jvm/java-8-openjdk-amd64/jre/lib/amd64"/>
    <property name="java.vm.version" value="25.222-b10"/>
    <property name="java.vm.vendor" value="Private Build"/>
    <property name="maven.multiModuleProjectDirectory" value="/home/vijay/Desktop/OP/elearninglatest10-12-19/archy-lms"/>
    <property name="java.vendor.url" value="http://java.oracle.com/"/>
    <property name="path.separator" value=":"/>
    <property name="guice.disable.misplaced.annotation.check" value="true"/>
    <property name="java.vm.name" value="OpenJDK 64-Bit Server VM"/>
    <property name="file.encoding.pkg" value="sun.io"/>
    <property name="user.country" value="IN"/>
    <property name="sun.java.launcher" value="SUN_STANDARD"/>
    <property name="sun.os.patch.level" value="unknown"/>
    <property name="java.vm.specification.name" value="Java Virtual Machine Specification"/>
    <property name="user.dir" value="/home/vijay/Desktop/OP/elearninglatest10-12-19/archy-lms"/>
    <property name="java.runtime.version" value="1.8.0_222-8u222-b10-1ubuntu1~18.04.1-b10"/>
    <property name="java.awt.graphicsenv" value="sun.awt.X11GraphicsEnvironment"/>
    <property name="java.endorsed.dirs" value="/usr/lib/jvm/java-8-openjdk-amd64/jre/lib/endorsed"/>
    <property name="os.arch" value="amd64"/>
    <property name="java.io.tmpdir" value="/tmp"/>
    <property name="line.separator" value="&#10;"/>
    <property name="java.vm.specification.vendor" value="Oracle Corporation"/>
    <property name="os.name" value="Linux"/>
    <property name="classworlds.conf" value="/home/vijay/Desktop/OP/elearninglatest10-12-19/.metadata/.plugins/org.eclipse.m2e.launching/launches/m2conf4281216193322210245.tmp"/>
    <property name="sun.jnu.encoding" value="UTF-8"/>
    <property name="java.library.path" value="/usr/java/packages/lib/amd64:/usr/lib/x86_64-linux-gnu/jni:/lib/x86_64-linux-gnu:/usr/lib/x86_64-linux-gnu:/usr/lib/jni:/lib:/usr/lib"/>
    <property name="java.specification.name" value="Java Platform API Specification"/>
    <property name="java.class.version" value="52.0"/>
    <property name="sun.management.compiler" value="HotSpot 64-Bit Tiered Compilers"/>
    <property name="os.version" value="5.0.0-37-generic"/>
    <property name="user.home" value="/home/vijay"/>
    <property name="user.timezone" value="Asia/Kolkata"/>
    <property name="java.awt.printerjob" value="sun.print.PSPrinterJob"/>
    <property name="file.encoding" value="UTF-8"/>
    <property name="java.specification.version" value="1.8"/>
    <property name="user.name" value="vijay"/>
    <property name="java.class.path" value="/home/vijay/eclipse/eclipse/plugins/org.eclipse.m2e.maven.runtime_1.13.0.20190716-1623/jars/plexus-classworlds-2.6.0.jar"/>
    <property name="java.vm.specification.version" value="1.8"/>
    <property name="sun.arch.data.model" value="64"/>
    <property name="java.home" value="/usr/lib/jvm/java-8-openjdk-amd64/jre"/>
    <property name="sun.java.command" value="org.codehaus.plexus.classworlds.launcher.Launcher -B install"/>
    <property name="java.specification.vendor" value="Oracle Corporation"/>
    <property name="user.language" value="en"/>
    <property name="awt.toolkit" value="sun.awt.X11.XToolkit"/>
    <property name="java.vm.info" value="mixed mode"/>
    <property name="java.version" value="1.8.0_222"/>
    <property name="java.ext.dirs" value="/usr/lib/jvm/java-8-openjdk-amd64/jre/lib/ext:/usr/java/packages/lib/ext"/>
    <property name="securerandom.source" value="file:/dev/./urandom"/>
    <property name="sun.boot.class.path" value="/usr/lib/jvm/java-8-openjdk-amd64/jre/lib/resources.jar:/usr/lib/jvm/java-8-openjdk-amd64/jre/lib/rt.jar:/usr/lib/jvm/java-8-openjdk-amd64/jre/lib/sunrsasign.jar:/usr/lib/jvm/java-8-openjdk-amd64/jre/lib/jsse.jar:/usr/lib/jvm/java-8-openjdk-amd64/jre/lib/jce.jar:/usr/lib/jvm/java-8-openjdk-amd64/jre/lib/charsets.jar:/usr/lib/jvm/java-8-openjdk-amd64/jre/lib/jfr.jar:/usr/lib/jvm/java-8-openjdk-amd64/jre/classes"/>
    <property name="java.vendor" value="Private Build"/>
    <property name="maven.home" value="/home/vijay/Desktop/OP/elearninglatest10-12-19/archy-lms/EMBEDDED"/>
    <property name="file.separator" value="/"/>
    <property name="java.vendor.url.bug" value="http://bugreport.sun.com/bugreport/"/>
    <property name="sun.cpu.endian" value="little"/>
    <property name="sun.io.unicode.encoding" value="UnicodeLittle"/>
    <property name="sun.desktop" value="gnome"/>
    <property name="sun.cpu.isalist" value=""/>
  </properties>
  <testcase name="testIsEnableUserLockCheck" classname="com.ideyatech.opentides.um.entity.ApplicationTest" time="0"/>
  <testcase name="testSetNewLockoutTime" classname="com.ideyatech.opentides.um.entity.ApplicationTest" time="0"/>
  <testcase name="testSetNewPasswordRules" classname="com.ideyatech.opentides.um.entity.ApplicationTest" time="0"/>
  <testcase name="testGetAppSecret" classname="com.ideyatech.opentides.um.entity.ApplicationTest" time="0"/>
  <testcase name="testSetNewFailedLoginAttempts" classname="com.ideyatech.opentides.um.entity.ApplicationTest" time="0"/>
  <testcase name="testGetPasswordRules" classname="com.ideyatech.opentides.um.entity.ApplicationTest" time="0"/>
  <testcase name="testSetNewAdminUserGroup" classname="com.ideyatech.opentides.um.entity.ApplicationTest" time="0"/>
  <testcase name="testSetNewAdminUser" classname="com.ideyatech.opentides.um.entity.ApplicationTest" time="0"/>
  <testcase name="testSetNewUseLdap" classname="com.ideyatech.opentides.um.entity.ApplicationTest" time="0"/>
  <testcase name="testGetLockoutTime" classname="com.ideyatech.opentides.um.entity.ApplicationTest" time="0"/>
  <testcase name="testGetFailedLoginAttempts" classname="com.ideyatech.opentides.um.entity.ApplicationTest" time="0"/>
  <testcase name="testGetFbAppId" classname="com.ideyatech.opentides.um.entity.ApplicationTest" time="0"/>
  <testcase name="testSetNewAllowFbLogin" classname="com.ideyatech.opentides.um.entity.ApplicationTest" time="0"/>
  <testcase name="testGetAllowFbLogin" classname="com.ideyatech.opentides.um.entity.ApplicationTest" time="0"/>
  <testcase name="testPrePersistNull" classname="com.ideyatech.opentides.um.entity.ApplicationTest" time="0"/>
  <testcase name="testGetLink" classname="com.ideyatech.opentides.um.entity.ApplicationTest" time="0"/>
  <testcase name="testGetName" classname="com.ideyatech.opentides.um.entity.ApplicationTest" time="0"/>
  <testcase name="testSetNewDescription" classname="com.ideyatech.opentides.um.entity.ApplicationTest" time="0"/>
  <testcase name="testSetNewSendActivationEmail" classname="com.ideyatech.opentides.um.entity.ApplicationTest" time="0"/>
  <testcase name="testIsEnableUserLockCheckNotNullGreaterThanZero" classname="com.ideyatech.opentides.um.entity.ApplicationTest" time="0"/>
  <testcase name="testSetNewFbAppSecret" classname="com.ideyatech.opentides.um.entity.ApplicationTest" time="0"/>
  <testcase name="testSetNewLink" classname="com.ideyatech.opentides.um.entity.ApplicationTest" time="0"/>
  <testcase name="testSetNewName" classname="com.ideyatech.opentides.um.entity.ApplicationTest" time="0"/>
  <testcase name="testSetNewAppSecret" classname="com.ideyatech.opentides.um.entity.ApplicationTest" time="0"/>
  <testcase name="testGetAdminUserGroup" classname="com.ideyatech.opentides.um.entity.ApplicationTest" time="0"/>
  <testcase name="testGetUseLdap" classname="com.ideyatech.opentides.um.entity.ApplicationTest" time="0"/>
  <testcase name="testSetNewEmailAddress" classname="com.ideyatech.opentides.um.entity.ApplicationTest" time="0"/>
  <testcase name="testGetEmailAddress" classname="com.ideyatech.opentides.um.entity.ApplicationTest" time="0"/>
  <testcase name="testGetSendActivationEmail" classname="com.ideyatech.opentides.um.entity.ApplicationTest" time="0"/>
  <testcase name="testGetDescription" classname="com.ideyatech.opentides.um.entity.ApplicationTest" time="0"/>
  <testcase name="testGetFbAppSecret" classname="com.ideyatech.opentides.um.entity.ApplicationTest" time="0"/>
  <testcase name="testGetAdminUser" classname="com.ideyatech.opentides.um.entity.ApplicationTest" time="0"/>
  <testcase name="testSetNewLdapServer" classname="com.ideyatech.opentides.um.entity.ApplicationTest" time="0"/>
  <testcase name="testPrePersistNotNull" classname="com.ideyatech.opentides.um.entity.ApplicationTest" time="0"/>
  <testcase name="testGetLdapServer" classname="com.ideyatech.opentides.um.entity.ApplicationTest" time="0"/>
  <testcase name="testSetNewAdminPassword" classname="com.ideyatech.opentides.um.entity.ApplicationTest" time="0"/>
  <testcase name="testSetNewFbAppId" classname="com.ideyatech.opentides.um.entity.ApplicationTest" time="0"/>
  <testcase name="testIsEnableUserLockCheckNotNullButLessThanOrEqualToZero" classname="com.ideyatech.opentides.um.entity.ApplicationTest" time="0"/>
  <testcase name="testGetAdminPassword" classname="com.ideyatech.opentides.um.entity.ApplicationTest" time="0"/>
</testsuite>